INFO:     Started server process [241586]
INFO:     Waiting for application startup.
INFO:     Application startup complete.
INFO:     Uvicorn running on http://127.0.0.1:3000 (Press CTRL+C to quit)
INFO:     127.0.0.1:56566 - "GET /view/TestRegion/sim HTTP/1.1" 200 OK
INFO:     127.0.0.1:56566 - "GET /static/style.css HTTP/1.1" 200 OK
INFO:     127.0.0.1:56570 - "GET /static/script.js HTTP/1.1" 200 OK
INFO:     127.0.0.1:56578 - "WebSocket /ws/TestRegion/sim" [accepted]
INFO:     connection open
ERROR:    Exception in ASGI application
Traceback (most recent call last):
  File "/home/jules/.pyenv/versions/3.12.13/lib/python3.12/site-packages/redis/asyncio/connection.py", line 371, in connect_check_health
    await self._connect()
  File "/home/jules/.pyenv/versions/3.12.13/lib/python3.12/site-packages/redis/asyncio/connection.py", line 895, in _connect
    reader, writer = await asyncio.open_connection(
                     ^^^^^^^^^^^^^^^^^^^^^^^^^^^^^^
  File "/home/jules/.pyenv/versions/3.12.13/lib/python3.12/asyncio/streams.py", line 48, in open_connection
    transport, _ = await loop.create_connection(
                   ^^^^^^^^^^^^^^^^^^^^^^^^^^^^^
  File "/home/jules/.pyenv/versions/3.12.13/lib/python3.12/asyncio/base_events.py", line 1140, in create_connection
    raise OSError('Multiple exceptions: {}'.format(
OSError: Multiple exceptions: [Errno 111] Connect call failed ('::1', 6379, 0, 0), [Errno 111] Connect call failed ('127.0.0.1', 6379)

During handling of the above exception, another exception occurred:

Traceback (most recent call last):
  File "/home/jules/.pyenv/versions/3.12.13/lib/python3.12/site-packages/uvicorn/protocols/websockets/websockets_impl.py", line 239, in run_asgi
    result = await self.app(self.scope, self.asgi_receive, self.asgi_send)  # type: ignore[func-returns-value]
             ^^^^^^^^^^^^^^^^^^^^^^^^^^^^^^^^^^^^^^^^^^^^^^^^^^^^^^^^^^^^^
  File "/home/jules/.pyenv/versions/3.12.13/lib/python3.12/site-packages/uvicorn/middleware/proxy_headers.py", line 60, in __call__
    return await self.app(scope, receive, send)
           ^^^^^^^^^^^^^^^^^^^^^^^^^^^^^^^^^^^^
  File "/home/jules/.pyenv/versions/3.12.13/lib/python3.12/site-packages/fastapi/applications.py", line 1163, in __call__
    await super().__call__(scope, receive, send)
  File "/home/jules/.pyenv/versions/3.12.13/lib/python3.12/site-packages/starlette/applications.py", line 90, in __call__
    await self.middleware_stack(scope, receive, send)
  File "/home/jules/.pyenv/versions/3.12.13/lib/python3.12/site-packages/starlette/middleware/errors.py", line 151, in __call__
    await self.app(scope, receive, send)
  File "/home/jules/.pyenv/versions/3.12.13/lib/python3.12/site-packages/starlette/middleware/exceptions.py", line 63, in __call__
    await wrap_app_handling_exceptions(self.app, conn)(scope, receive, send)
  File "/home/jules/.pyenv/versions/3.12.13/lib/python3.12/site-packages/starlette/_exception_handler.py", line 53, in wrapped_app
    raise exc
  File "/home/jules/.pyenv/versions/3.12.13/lib/python3.12/site-packages/starlette/_exception_handler.py", line 42, in wrapped_app
    await app(scope, receive, sender)
  File "/home/jules/.pyenv/versions/3.12.13/lib/python3.12/site-packages/fastapi/middleware/asyncexitstack.py", line 18, in __call__
    await self.app(scope, receive, send)
  File "/home/jules/.pyenv/versions/3.12.13/lib/python3.12/site-packages/starlette/routing.py", line 660, in __call__
    await self.middleware_stack(scope, receive, send)
  File "/home/jules/.pyenv/versions/3.12.13/lib/python3.12/site-packages/starlette/routing.py", line 680, in app
    await route.handle(scope, receive, send)
  File "/home/jules/.pyenv/versions/3.12.13/lib/python3.12/site-packages/starlette/routing.py", line 350, in handle
    await self.app(scope, receive, send)
  File "/home/jules/.pyenv/versions/3.12.13/lib/python3.12/site-packages/fastapi/routing.py", line 160, in app
    await wrap_app_handling_exceptions(app, session)(scope, receive, send)
  File "/home/jules/.pyenv/versions/3.12.13/lib/python3.12/site-packages/starlette/_exception_handler.py", line 53, in wrapped_app
    raise exc
  File "/home/jules/.pyenv/versions/3.12.13/lib/python3.12/site-packages/starlette/_exception_handler.py", line 42, in wrapped_app
    await app(scope, receive, sender)
  File "/home/jules/.pyenv/versions/3.12.13/lib/python3.12/site-packages/fastapi/routing.py", line 157, in app
    await func(session)
  File "/home/jules/.pyenv/versions/3.12.13/lib/python3.12/site-packages/fastapi/routing.py", line 764, in app
    await dependant.call(**solved_result.values)
  File "/app/app.py", line 92, in websocket_endpoint
    latest_data = await redis_client.get(latest_key)
                  ^^^^^^^^^^^^^^^^^^^^^^^^^^^^^^^^^^
  File "/home/jules/.pyenv/versions/3.12.13/lib/python3.12/site-packages/redis/asyncio/client.py", line 764, in execute_command
    conn = self.connection or await pool.get_connection()
                              ^^^^^^^^^^^^^^^^^^^^^^^^^^^
  File "/home/jules/.pyenv/versions/3.12.13/lib/python3.12/site-packages/redis/utils.py", line 227, in async_wrapper
    return await func(*args, **kwargs)
           ^^^^^^^^^^^^^^^^^^^^^^^^^^^
  File "/home/jules/.pyenv/versions/3.12.13/lib/python3.12/site-packages/redis/asyncio/connection.py", line 1448, in get_connection
    await self.ensure_connection(connection)
  File "/home/jules/.pyenv/versions/3.12.13/lib/python3.12/site-packages/redis/asyncio/connection.py", line 1489, in ensure_connection
    await connection.connect()
  File "/home/jules/.pyenv/versions/3.12.13/lib/python3.12/site-packages/redis/asyncio/connection.py", line 340, in connect
    await self.retry.call_with_retry(
  File "/home/jules/.pyenv/versions/3.12.13/lib/python3.12/site-packages/redis/asyncio/retry.py", line 81, in call_with_retry
    raise error
  File "/home/jules/.pyenv/versions/3.12.13/lib/python3.12/site-packages/redis/asyncio/retry.py", line 69, in call_with_retry
    return await do()
           ^^^^^^^^^^
  File "/home/jules/.pyenv/versions/3.12.13/lib/python3.12/site-packages/redis/asyncio/connection.py", line 397, in connect_check_health
    raise e
redis.exceptions.ConnectionError: Error Multiple exceptions: [Errno 111] Connect call failed ('::1', 6379, 0, 0), [Errno 111] Connect call failed ('127.0.0.1', 6379) connecting to localhost:6379.
INFO:     connection closed
INFO:     127.0.0.1:56594 - "POST /render HTTP/1.1" 500 Internal Server Error
ERROR:    Exception in ASGI application
Traceback (most recent call last):
  File "/home/jules/.pyenv/versions/3.12.13/lib/python3.12/site-packages/redis/asyncio/connection.py", line 371, in connect_check_health
    await self._connect()
  File "/home/jules/.pyenv/versions/3.12.13/lib/python3.12/site-packages/redis/asyncio/connection.py", line 895, in _connect
    reader, writer = await asyncio.open_connection(
                     ^^^^^^^^^^^^^^^^^^^^^^^^^^^^^^
  File "/home/jules/.pyenv/versions/3.12.13/lib/python3.12/asyncio/streams.py", line 48, in open_connection
    transport, _ = await loop.create_connection(
                   ^^^^^^^^^^^^^^^^^^^^^^^^^^^^^
  File "/home/jules/.pyenv/versions/3.12.13/lib/python3.12/asyncio/base_events.py", line 1140, in create_connection
    raise OSError('Multiple exceptions: {}'.format(
OSError: Multiple exceptions: [Errno 111] Connect call failed ('::1', 6379, 0, 0), [Errno 111] Connect call failed ('127.0.0.1', 6379)

During handling of the above exception, another exception occurred:

Traceback (most recent call last):
  File "/home/jules/.pyenv/versions/3.12.13/lib/python3.12/site-packages/uvicorn/protocols/http/h11_impl.py", line 415, in run_asgi
    result = await app(  # type: ignore[func-returns-value]
             ^^^^^^^^^^^^^^^^^^^^^^^^^^^^^^^^^^^^^^^^^^^^^^
  File "/home/jules/.pyenv/versions/3.12.13/lib/python3.12/site-packages/uvicorn/middleware/proxy_headers.py", line 60, in __call__
    return await self.app(scope, receive, send)
           ^^^^^^^^^^^^^^^^^^^^^^^^^^^^^^^^^^^^
  File "/home/jules/.pyenv/versions/3.12.13/lib/python3.12/site-packages/fastapi/applications.py", line 1163, in __call__
    await super().__call__(scope, receive, send)
  File "/home/jules/.pyenv/versions/3.12.13/lib/python3.12/site-packages/starlette/applications.py", line 90, in __call__
    await self.middleware_stack(scope, receive, send)
  File "/home/jules/.pyenv/versions/3.12.13/lib/python3.12/site-packages/starlette/middleware/errors.py", line 186, in __call__
    raise exc
  File "/home/jules/.pyenv/versions/3.12.13/lib/python3.12/site-packages/starlette/middleware/errors.py", line 164, in __call__
    await self.app(scope, receive, _send)
  File "/home/jules/.pyenv/versions/3.12.13/lib/python3.12/site-packages/starlette/middleware/exceptions.py", line 63, in __call__
    await wrap_app_handling_exceptions(self.app, conn)(scope, receive, send)
  File "/home/jules/.pyenv/versions/3.12.13/lib/python3.12/site-packages/starlette/_exception_handler.py", line 53, in wrapped_app
    raise exc
  File "/home/jules/.pyenv/versions/3.12.13/lib/python3.12/site-packages/starlette/_exception_handler.py", line 42, in wrapped_app
    await app(scope, receive, sender)
  File "/home/jules/.pyenv/versions/3.12.13/lib/python3.12/site-packages/fastapi/middleware/asyncexitstack.py", line 18, in __call__
    await self.app(scope, receive, send)
  File "/home/jules/.pyenv/versions/3.12.13/lib/python3.12/site-packages/starlette/routing.py", line 660, in __call__
    await self.middleware_stack(scope, receive, send)
  File "/home/jules/.pyenv/versions/3.12.13/lib/python3.12/site-packages/starlette/routing.py", line 680, in app
    await route.handle(scope, receive, send)
  File "/home/jules/.pyenv/versions/3.12.13/lib/python3.12/site-packages/starlette/routing.py", line 276, in handle
    await self.app(scope, receive, send)
  File "/home/jules/.pyenv/versions/3.12.13/lib/python3.12/site-packages/fastapi/routing.py", line 134, in app
    await wrap_app_handling_exceptions(app, request)(scope, receive, send)
  File "/home/jules/.pyenv/versions/3.12.13/lib/python3.12/site-packages/starlette/_exception_handler.py", line 53, in wrapped_app
    raise exc
  File "/home/jules/.pyenv/versions/3.12.13/lib/python3.12/site-packages/starlette/_exception_handler.py", line 42, in wrapped_app
    await app(scope, receive, sender)
  File "/home/jules/.pyenv/versions/3.12.13/lib/python3.12/site-packages/fastapi/routing.py", line 120, in app
    response = await f(request)
               ^^^^^^^^^^^^^^^^
  File "/home/jules/.pyenv/versions/3.12.13/lib/python3.12/site-packages/fastapi/routing.py", line 674, in app
    raw_response = await run_endpoint_function(
                   ^^^^^^^^^^^^^^^^^^^^^^^^^^^^
  File "/home/jules/.pyenv/versions/3.12.13/lib/python3.12/site-packages/fastapi/routing.py", line 328, in run_endpoint_function
    return await dependant.call(**values)
           ^^^^^^^^^^^^^^^^^^^^^^^^^^^^^^
  File "/app/app.py", line 71, in render
    await redis_client.set(latest_key, payload_json)
  File "/home/jules/.pyenv/versions/3.12.13/lib/python3.12/site-packages/redis/asyncio/client.py", line 764, in execute_command
    conn = self.connection or await pool.get_connection()
                              ^^^^^^^^^^^^^^^^^^^^^^^^^^^
  File "/home/jules/.pyenv/versions/3.12.13/lib/python3.12/site-packages/redis/utils.py", line 227, in async_wrapper
    return await func(*args, **kwargs)
           ^^^^^^^^^^^^^^^^^^^^^^^^^^^
  File "/home/jules/.pyenv/versions/3.12.13/lib/python3.12/site-packages/redis/asyncio/connection.py", line 1448, in get_connection
    await self.ensure_connection(connection)
  File "/home/jules/.pyenv/versions/3.12.13/lib/python3.12/site-packages/redis/asyncio/connection.py", line 1489, in ensure_connection
    await connection.connect()
  File "/home/jules/.pyenv/versions/3.12.13/lib/python3.12/site-packages/redis/asyncio/connection.py", line 340, in connect
    await self.retry.call_with_retry(
  File "/home/jules/.pyenv/versions/3.12.13/lib/python3.12/site-packages/redis/asyncio/retry.py", line 81, in call_with_retry
    raise error
  File "/home/jules/.pyenv/versions/3.12.13/lib/python3.12/site-packages/redis/asyncio/retry.py", line 69, in call_with_retry
    return await do()
           ^^^^^^^^^^
  File "/home/jules/.pyenv/versions/3.12.13/lib/python3.12/site-packages/redis/asyncio/connection.py", line 397, in connect_check_health
    raise e
redis.exceptions.ConnectionError: Error Multiple exceptions: [Errno 111] Connect call failed ('::1', 6379, 0, 0), [Errno 111] Connect call failed ('127.0.0.1', 6379) connecting to localhost:6379.
INFO:     127.0.0.1:56596 - "WebSocket /ws/TestRegion/sim" [accepted]
INFO:     connection open
ERROR:    Exception in ASGI application
Traceback (most recent call last):
  File "/home/jules/.pyenv/versions/3.12.13/lib/python3.12/site-packages/redis/asyncio/connection.py", line 371, in connect_check_health
    await self._connect()
  File "/home/jules/.pyenv/versions/3.12.13/lib/python3.12/site-packages/redis/asyncio/connection.py", line 895, in _connect
    reader, writer = await asyncio.open_connection(
                     ^^^^^^^^^^^^^^^^^^^^^^^^^^^^^^
  File "/home/jules/.pyenv/versions/3.12.13/lib/python3.12/asyncio/streams.py", line 48, in open_connection
    transport, _ = await loop.create_connection(
                   ^^^^^^^^^^^^^^^^^^^^^^^^^^^^^
  File "/home/jules/.pyenv/versions/3.12.13/lib/python3.12/asyncio/base_events.py", line 1140, in create_connection
    raise OSError('Multiple exceptions: {}'.format(
OSError: Multiple exceptions: [Errno 111] Connect call failed ('::1', 6379, 0, 0), [Errno 111] Connect call failed ('127.0.0.1', 6379)

During handling of the above exception, another exception occurred:

Traceback (most recent call last):
  File "/home/jules/.pyenv/versions/3.12.13/lib/python3.12/site-packages/uvicorn/protocols/websockets/websockets_impl.py", line 239, in run_asgi
    result = await self.app(self.scope, self.asgi_receive, self.asgi_send)  # type: ignore[func-returns-value]
             ^^^^^^^^^^^^^^^^^^^^^^^^^^^^^^^^^^^^^^^^^^^^^^^^^^^^^^^^^^^^^
  File "/home/jules/.pyenv/versions/3.12.13/lib/python3.12/site-packages/uvicorn/middleware/proxy_headers.py", line 60, in __call__
    return await self.app(scope, receive, send)
           ^^^^^^^^^^^^^^^^^^^^^^^^^^^^^^^^^^^^
  File "/home/jules/.pyenv/versions/3.12.13/lib/python3.12/site-packages/fastapi/applications.py", line 1163, in __call__
    await super().__call__(scope, receive, send)
  File "/home/jules/.pyenv/versions/3.12.13/lib/python3.12/site-packages/starlette/applications.py", line 90, in __call__
    await self.middleware_stack(scope, receive, send)
  File "/home/jules/.pyenv/versions/3.12.13/lib/python3.12/site-packages/starlette/middleware/errors.py", line 151, in __call__
    await self.app(scope, receive, send)
  File "/home/jules/.pyenv/versions/3.12.13/lib/python3.12/site-packages/starlette/middleware/exceptions.py", line 63, in __call__
    await wrap_app_handling_exceptions(self.app, conn)(scope, receive, send)
  File "/home/jules/.pyenv/versions/3.12.13/lib/python3.12/site-packages/starlette/_exception_handler.py", line 53, in wrapped_app
    raise exc
  File "/home/jules/.pyenv/versions/3.12.13/lib/python3.12/site-packages/starlette/_exception_handler.py", line 42, in wrapped_app
    await app(scope, receive, sender)
  File "/home/jules/.pyenv/versions/3.12.13/lib/python3.12/site-packages/fastapi/middleware/asyncexitstack.py", line 18, in __call__
    await self.app(scope, receive, send)
  File "/home/jules/.pyenv/versions/3.12.13/lib/python3.12/site-packages/starlette/routing.py", line 660, in __call__
    await self.middleware_stack(scope, receive, send)
  File "/home/jules/.pyenv/versions/3.12.13/lib/python3.12/site-packages/starlette/routing.py", line 680, in app
    await route.handle(scope, receive, send)
  File "/home/jules/.pyenv/versions/3.12.13/lib/python3.12/site-packages/starlette/routing.py", line 350, in handle
    await self.app(scope, receive, send)
  File "/home/jules/.pyenv/versions/3.12.13/lib/python3.12/site-packages/fastapi/routing.py", line 160, in app
    await wrap_app_handling_exceptions(app, session)(scope, receive, send)
  File "/home/jules/.pyenv/versions/3.12.13/lib/python3.12/site-packages/starlette/_exception_handler.py", line 53, in wrapped_app
    raise exc
  File "/home/jules/.pyenv/versions/3.12.13/lib/python3.12/site-packages/starlette/_exception_handler.py", line 42, in wrapped_app
    await app(scope, receive, sender)
  File "/home/jules/.pyenv/versions/3.12.13/lib/python3.12/site-packages/fastapi/routing.py", line 157, in app
    await func(session)
  File "/home/jules/.pyenv/versions/3.12.13/lib/python3.12/site-packages/fastapi/routing.py", line 764, in app
    await dependant.call(**solved_result.values)
  File "/app/app.py", line 92, in websocket_endpoint
    latest_data = await redis_client.get(latest_key)
                  ^^^^^^^^^^^^^^^^^^^^^^^^^^^^^^^^^^
  File "/home/jules/.pyenv/versions/3.12.13/lib/python3.12/site-packages/redis/asyncio/client.py", line 764, in execute_command
    conn = self.connection or await pool.get_connection()
                              ^^^^^^^^^^^^^^^^^^^^^^^^^^^
  File "/home/jules/.pyenv/versions/3.12.13/lib/python3.12/site-packages/redis/utils.py", line 227, in async_wrapper
    return await func(*args, **kwargs)
           ^^^^^^^^^^^^^^^^^^^^^^^^^^^
  File "/home/jules/.pyenv/versions/3.12.13/lib/python3.12/site-packages/redis/asyncio/connection.py", line 1448, in get_connection
    await self.ensure_connection(connection)
  File "/home/jules/.pyenv/versions/3.12.13/lib/python3.12/site-packages/redis/asyncio/connection.py", line 1489, in ensure_connection
    await connection.connect()
  File "/home/jules/.pyenv/versions/3.12.13/lib/python3.12/site-packages/redis/asyncio/connection.py", line 340, in connect
    await self.retry.call_with_retry(
  File "/home/jules/.pyenv/versions/3.12.13/lib/python3.12/site-packages/redis/asyncio/retry.py", line 81, in call_with_retry
    raise error
  File "/home/jules/.pyenv/versions/3.12.13/lib/python3.12/site-packages/redis/asyncio/retry.py", line 69, in call_with_retry
    return await do()
           ^^^^^^^^^^
  File "/home/jules/.pyenv/versions/3.12.13/lib/python3.12/site-packages/redis/asyncio/connection.py", line 397, in connect_check_health
    raise e
redis.exceptions.ConnectionError: Error Multiple exceptions: [Errno 111] Connect call failed ('::1', 6379, 0, 0), [Errno 111] Connect call failed ('127.0.0.1', 6379) connecting to localhost:6379.
INFO:     connection closed
INFO:     127.0.0.1:56608 - "POST /render HTTP/1.1" 500 Internal Server Error
ERROR:    Exception in ASGI application
Traceback (most recent call last):
  File "/home/jules/.pyenv/versions/3.12.13/lib/python3.12/site-packages/redis/asyncio/connection.py", line 371, in connect_check_health
    await self._connect()
  File "/home/jules/.pyenv/versions/3.12.13/lib/python3.12/site-packages/redis/asyncio/connection.py", line 895, in _connect
    reader, writer = await asyncio.open_connection(
                     ^^^^^^^^^^^^^^^^^^^^^^^^^^^^^^
  File "/home/jules/.pyenv/versions/3.12.13/lib/python3.12/asyncio/streams.py", line 48, in open_connection
    transport, _ = await loop.create_connection(
                   ^^^^^^^^^^^^^^^^^^^^^^^^^^^^^
  File "/home/jules/.pyenv/versions/3.12.13/lib/python3.12/asyncio/base_events.py", line 1140, in create_connection
    raise OSError('Multiple exceptions: {}'.format(
OSError: Multiple exceptions: [Errno 111] Connect call failed ('::1', 6379, 0, 0), [Errno 111] Connect call failed ('127.0.0.1', 6379)

During handling of the above exception, another exception occurred:

Traceback (most recent call last):
  File "/home/jules/.pyenv/versions/3.12.13/lib/python3.12/site-packages/uvicorn/protocols/http/h11_impl.py", line 415, in run_asgi
    result = await app(  # type: ignore[func-returns-value]
             ^^^^^^^^^^^^^^^^^^^^^^^^^^^^^^^^^^^^^^^^^^^^^^
  File "/home/jules/.pyenv/versions/3.12.13/lib/python3.12/site-packages/uvicorn/middleware/proxy_headers.py", line 60, in __call__
    return await self.app(scope, receive, send)
           ^^^^^^^^^^^^^^^^^^^^^^^^^^^^^^^^^^^^
  File "/home/jules/.pyenv/versions/3.12.13/lib/python3.12/site-packages/fastapi/applications.py", line 1163, in __call__
    await super().__call__(scope, receive, send)
  File "/home/jules/.pyenv/versions/3.12.13/lib/python3.12/site-packages/starlette/applications.py", line 90, in __call__
    await self.middleware_stack(scope, receive, send)
  File "/home/jules/.pyenv/versions/3.12.13/lib/python3.12/site-packages/starlette/middleware/errors.py", line 186, in __call__
    raise exc
  File "/home/jules/.pyenv/versions/3.12.13/lib/python3.12/site-packages/starlette/middleware/errors.py", line 164, in __call__
    await self.app(scope, receive, _send)
  File "/home/jules/.pyenv/versions/3.12.13/lib/python3.12/site-packages/starlette/middleware/exceptions.py", line 63, in __call__
    await wrap_app_handling_exceptions(self.app, conn)(scope, receive, send)
  File "/home/jules/.pyenv/versions/3.12.13/lib/python3.12/site-packages/starlette/_exception_handler.py", line 53, in wrapped_app
    raise exc
  File "/home/jules/.pyenv/versions/3.12.13/lib/python3.12/site-packages/starlette/_exception_handler.py", line 42, in wrapped_app
    await app(scope, receive, sender)
  File "/home/jules/.pyenv/versions/3.12.13/lib/python3.12/site-packages/fastapi/middleware/asyncexitstack.py", line 18, in __call__
    await self.app(scope, receive, send)
  File "/home/jules/.pyenv/versions/3.12.13/lib/python3.12/site-packages/starlette/routing.py", line 660, in __call__
    await self.middleware_stack(scope, receive, send)
  File "/home/jules/.pyenv/versions/3.12.13/lib/python3.12/site-packages/starlette/routing.py", line 680, in app
    await route.handle(scope, receive, send)
  File "/home/jules/.pyenv/versions/3.12.13/lib/python3.12/site-packages/starlette/routing.py", line 276, in handle
    await self.app(scope, receive, send)
  File "/home/jules/.pyenv/versions/3.12.13/lib/python3.12/site-packages/fastapi/routing.py", line 134, in app
    await wrap_app_handling_exceptions(app, request)(scope, receive, send)
  File "/home/jules/.pyenv/versions/3.12.13/lib/python3.12/site-packages/starlette/_exception_handler.py", line 53, in wrapped_app
    raise exc
  File "/home/jules/.pyenv/versions/3.12.13/lib/python3.12/site-packages/starlette/_exception_handler.py", line 42, in wrapped_app
    await app(scope, receive, sender)
  File "/home/jules/.pyenv/versions/3.12.13/lib/python3.12/site-packages/fastapi/routing.py", line 120, in app
    response = await f(request)
               ^^^^^^^^^^^^^^^^
  File "/home/jules/.pyenv/versions/3.12.13/lib/python3.12/site-packages/fastapi/routing.py", line 674, in app
    raw_response = await run_endpoint_function(
                   ^^^^^^^^^^^^^^^^^^^^^^^^^^^^
  File "/home/jules/.pyenv/versions/3.12.13/lib/python3.12/site-packages/fastapi/routing.py", line 328, in run_endpoint_function
    return await dependant.call(**values)
           ^^^^^^^^^^^^^^^^^^^^^^^^^^^^^^
  File "/app/app.py", line 71, in render
    await redis_client.set(latest_key, payload_json)
  File "/home/jules/.pyenv/versions/3.12.13/lib/python3.12/site-packages/redis/asyncio/client.py", line 764, in execute_command
    conn = self.connection or await pool.get_connection()
                              ^^^^^^^^^^^^^^^^^^^^^^^^^^^
  File "/home/jules/.pyenv/versions/3.12.13/lib/python3.12/site-packages/redis/utils.py", line 227, in async_wrapper
    return await func(*args, **kwargs)
           ^^^^^^^^^^^^^^^^^^^^^^^^^^^
  File "/home/jules/.pyenv/versions/3.12.13/lib/python3.12/site-packages/redis/asyncio/connection.py", line 1448, in get_connection
    await self.ensure_connection(connection)
  File "/home/jules/.pyenv/versions/3.12.13/lib/python3.12/site-packages/redis/asyncio/connection.py", line 1489, in ensure_connection
    await connection.connect()
  File "/home/jules/.pyenv/versions/3.12.13/lib/python3.12/site-packages/redis/asyncio/connection.py", line 340, in connect
    await self.retry.call_with_retry(
  File "/home/jules/.pyenv/versions/3.12.13/lib/python3.12/site-packages/redis/asyncio/retry.py", line 81, in call_with_retry
    raise error
  File "/home/jules/.pyenv/versions/3.12.13/lib/python3.12/site-packages/redis/asyncio/retry.py", line 69, in call_with_retry
    return await do()
           ^^^^^^^^^^
  File "/home/jules/.pyenv/versions/3.12.13/lib/python3.12/site-packages/redis/asyncio/connection.py", line 397, in connect_check_health
    raise e
redis.exceptions.ConnectionError: Error Multiple exceptions: [Errno 111] Connect call failed ('::1', 6379, 0, 0), [Errno 111] Connect call failed ('127.0.0.1', 6379) connecting to localhost:6379.
INFO:     127.0.0.1:56620 - "WebSocket /ws/TestRegion/sim" [accepted]
INFO:     connection open
ERROR:    Exception in ASGI application
Traceback (most recent call last):
  File "/home/jules/.pyenv/versions/3.12.13/lib/python3.12/site-packages/redis/asyncio/connection.py", line 371, in connect_check_health
    await self._connect()
  File "/home/jules/.pyenv/versions/3.12.13/lib/python3.12/site-packages/redis/asyncio/connection.py", line 895, in _connect
    reader, writer = await asyncio.open_connection(
                     ^^^^^^^^^^^^^^^^^^^^^^^^^^^^^^
  File "/home/jules/.pyenv/versions/3.12.13/lib/python3.12/asyncio/streams.py", line 48, in open_connection
    transport, _ = await loop.create_connection(
                   ^^^^^^^^^^^^^^^^^^^^^^^^^^^^^
  File "/home/jules/.pyenv/versions/3.12.13/lib/python3.12/asyncio/base_events.py", line 1140, in create_connection
    raise OSError('Multiple exceptions: {}'.format(
OSError: Multiple exceptions: [Errno 111] Connect call failed ('::1', 6379, 0, 0), [Errno 111] Connect call failed ('127.0.0.1', 6379)

During handling of the above exception, another exception occurred:

Traceback (most recent call last):
  File "/home/jules/.pyenv/versions/3.12.13/lib/python3.12/site-packages/uvicorn/protocols/websockets/websockets_impl.py", line 239, in run_asgi
    result = await self.app(self.scope, self.asgi_receive, self.asgi_send)  # type: ignore[func-returns-value]
             ^^^^^^^^^^^^^^^^^^^^^^^^^^^^^^^^^^^^^^^^^^^^^^^^^^^^^^^^^^^^^
  File "/home/jules/.pyenv/versions/3.12.13/lib/python3.12/site-packages/uvicorn/middleware/proxy_headers.py", line 60, in __call__
    return await self.app(scope, receive, send)
           ^^^^^^^^^^^^^^^^^^^^^^^^^^^^^^^^^^^^
  File "/home/jules/.pyenv/versions/3.12.13/lib/python3.12/site-packages/fastapi/applications.py", line 1163, in __call__
    await super().__call__(scope, receive, send)
  File "/home/jules/.pyenv/versions/3.12.13/lib/python3.12/site-packages/starlette/applications.py", line 90, in __call__
    await self.middleware_stack(scope, receive, send)
  File "/home/jules/.pyenv/versions/3.12.13/lib/python3.12/site-packages/starlette/middleware/errors.py", line 151, in __call__
    await self.app(scope, receive, send)
  File "/home/jules/.pyenv/versions/3.12.13/lib/python3.12/site-packages/starlette/middleware/exceptions.py", line 63, in __call__
    await wrap_app_handling_exceptions(self.app, conn)(scope, receive, send)
  File "/home/jules/.pyenv/versions/3.12.13/lib/python3.12/site-packages/starlette/_exception_handler.py", line 53, in wrapped_app
    raise exc
  File "/home/jules/.pyenv/versions/3.12.13/lib/python3.12/site-packages/starlette/_exception_handler.py", line 42, in wrapped_app
    await app(scope, receive, sender)
  File "/home/jules/.pyenv/versions/3.12.13/lib/python3.12/site-packages/fastapi/middleware/asyncexitstack.py", line 18, in __call__
    await self.app(scope, receive, send)
  File "/home/jules/.pyenv/versions/3.12.13/lib/python3.12/site-packages/starlette/routing.py", line 660, in __call__
    await self.middleware_stack(scope, receive, send)
  File "/home/jules/.pyenv/versions/3.12.13/lib/python3.12/site-packages/starlette/routing.py", line 680, in app
    await route.handle(scope, receive, send)
  File "/home/jules/.pyenv/versions/3.12.13/lib/python3.12/site-packages/starlette/routing.py", line 350, in handle
    await self.app(scope, receive, send)
  File "/home/jules/.pyenv/versions/3.12.13/lib/python3.12/site-packages/fastapi/routing.py", line 160, in app
    await wrap_app_handling_exceptions(app, session)(scope, receive, send)
  File "/home/jules/.pyenv/versions/3.12.13/lib/python3.12/site-packages/starlette/_exception_handler.py", line 53, in wrapped_app
    raise exc
  File "/home/jules/.pyenv/versions/3.12.13/lib/python3.12/site-packages/starlette/_exception_handler.py", line 42, in wrapped_app
    await app(scope, receive, sender)
  File "/home/jules/.pyenv/versions/3.12.13/lib/python3.12/site-packages/fastapi/routing.py", line 157, in app
    await func(session)
  File "/home/jules/.pyenv/versions/3.12.13/lib/python3.12/site-packages/fastapi/routing.py", line 764, in app
    await dependant.call(**solved_result.values)
  File "/app/app.py", line 92, in websocket_endpoint
    latest_data = await redis_client.get(latest_key)
                  ^^^^^^^^^^^^^^^^^^^^^^^^^^^^^^^^^^
  File "/home/jules/.pyenv/versions/3.12.13/lib/python3.12/site-packages/redis/asyncio/client.py", line 764, in execute_command
    conn = self.connection or await pool.get_connection()
                              ^^^^^^^^^^^^^^^^^^^^^^^^^^^
  File "/home/jules/.pyenv/versions/3.12.13/lib/python3.12/site-packages/redis/utils.py", line 227, in async_wrapper
    return await func(*args, **kwargs)
           ^^^^^^^^^^^^^^^^^^^^^^^^^^^
  File "/home/jules/.pyenv/versions/3.12.13/lib/python3.12/site-packages/redis/asyncio/connection.py", line 1448, in get_connection
    await self.ensure_connection(connection)
  File "/home/jules/.pyenv/versions/3.12.13/lib/python3.12/site-packages/redis/asyncio/connection.py", line 1489, in ensure_connection
    await connection.connect()
  File "/home/jules/.pyenv/versions/3.12.13/lib/python3.12/site-packages/redis/asyncio/connection.py", line 340, in connect
    await self.retry.call_with_retry(
  File "/home/jules/.pyenv/versions/3.12.13/lib/python3.12/site-packages/redis/asyncio/retry.py", line 81, in call_with_retry
    raise error
  File "/home/jules/.pyenv/versions/3.12.13/lib/python3.12/site-packages/redis/asyncio/retry.py", line 69, in call_with_retry
    return await do()
           ^^^^^^^^^^
  File "/home/jules/.pyenv/versions/3.12.13/lib/python3.12/site-packages/redis/asyncio/connection.py", line 397, in connect_check_health
    raise e
redis.exceptions.ConnectionError: Error Multiple exceptions: [Errno 111] Connect call failed ('::1', 6379, 0, 0), [Errno 111] Connect call failed ('127.0.0.1', 6379) connecting to localhost:6379.
INFO:     connection closed
INFO:     127.0.0.1:56636 - "WebSocket /ws/TestRegion/sim" [accepted]
INFO:     connection open
ERROR:    Exception in ASGI application
Traceback (most recent call last):
  File "/home/jules/.pyenv/versions/3.12.13/lib/python3.12/site-packages/redis/asyncio/connection.py", line 371, in connect_check_health
    await self._connect()
  File "/home/jules/.pyenv/versions/3.12.13/lib/python3.12/site-packages/redis/asyncio/connection.py", line 895, in _connect
    reader, writer = await asyncio.open_connection(
                     ^^^^^^^^^^^^^^^^^^^^^^^^^^^^^^
  File "/home/jules/.pyenv/versions/3.12.13/lib/python3.12/asyncio/streams.py", line 48, in open_connection
    transport, _ = await loop.create_connection(
                   ^^^^^^^^^^^^^^^^^^^^^^^^^^^^^
  File "/home/jules/.pyenv/versions/3.12.13/lib/python3.12/asyncio/base_events.py", line 1140, in create_connection
    raise OSError('Multiple exceptions: {}'.format(
OSError: Multiple exceptions: [Errno 111] Connect call failed ('::1', 6379, 0, 0), [Errno 111] Connect call failed ('127.0.0.1', 6379)

During handling of the above exception, another exception occurred:

Traceback (most recent call last):
  File "/home/jules/.pyenv/versions/3.12.13/lib/python3.12/site-packages/uvicorn/protocols/websockets/websockets_impl.py", line 239, in run_asgi
    result = await self.app(self.scope, self.asgi_receive, self.asgi_send)  # type: ignore[func-returns-value]
             ^^^^^^^^^^^^^^^^^^^^^^^^^^^^^^^^^^^^^^^^^^^^^^^^^^^^^^^^^^^^^
  File "/home/jules/.pyenv/versions/3.12.13/lib/python3.12/site-packages/uvicorn/middleware/proxy_headers.py", line 60, in __call__
    return await self.app(scope, receive, send)
           ^^^^^^^^^^^^^^^^^^^^^^^^^^^^^^^^^^^^
  File "/home/jules/.pyenv/versions/3.12.13/lib/python3.12/site-packages/fastapi/applications.py", line 1163, in __call__
    await super().__call__(scope, receive, send)
  File "/home/jules/.pyenv/versions/3.12.13/lib/python3.12/site-packages/starlette/applications.py", line 90, in __call__
    await self.middleware_stack(scope, receive, send)
  File "/home/jules/.pyenv/versions/3.12.13/lib/python3.12/site-packages/starlette/middleware/errors.py", line 151, in __call__
    await self.app(scope, receive, send)
  File "/home/jules/.pyenv/versions/3.12.13/lib/python3.12/site-packages/starlette/middleware/exceptions.py", line 63, in __call__
    await wrap_app_handling_exceptions(self.app, conn)(scope, receive, send)
  File "/home/jules/.pyenv/versions/3.12.13/lib/python3.12/site-packages/starlette/_exception_handler.py", line 53, in wrapped_app
    raise exc
  File "/home/jules/.pyenv/versions/3.12.13/lib/python3.12/site-packages/starlette/_exception_handler.py", line 42, in wrapped_app
    await app(scope, receive, sender)
  File "/home/jules/.pyenv/versions/3.12.13/lib/python3.12/site-packages/fastapi/middleware/asyncexitstack.py", line 18, in __call__
    await self.app(scope, receive, send)
  File "/home/jules/.pyenv/versions/3.12.13/lib/python3.12/site-packages/starlette/routing.py", line 660, in __call__
    await self.middleware_stack(scope, receive, send)
  File "/home/jules/.pyenv/versions/3.12.13/lib/python3.12/site-packages/starlette/routing.py", line 680, in app
    await route.handle(scope, receive, send)
  File "/home/jules/.pyenv/versions/3.12.13/lib/python3.12/site-packages/starlette/routing.py", line 350, in handle
    await self.app(scope, receive, send)
  File "/home/jules/.pyenv/versions/3.12.13/lib/python3.12/site-packages/fastapi/routing.py", line 160, in app
    await wrap_app_handling_exceptions(app, session)(scope, receive, send)
  File "/home/jules/.pyenv/versions/3.12.13/lib/python3.12/site-packages/starlette/_exception_handler.py", line 53, in wrapped_app
    raise exc
  File "/home/jules/.pyenv/versions/3.12.13/lib/python3.12/site-packages/starlette/_exception_handler.py", line 42, in wrapped_app
    await app(scope, receive, sender)
  File "/home/jules/.pyenv/versions/3.12.13/lib/python3.12/site-packages/fastapi/routing.py", line 157, in app
    await func(session)
  File "/home/jules/.pyenv/versions/3.12.13/lib/python3.12/site-packages/fastapi/routing.py", line 764, in app
    await dependant.call(**solved_result.values)
  File "/app/app.py", line 92, in websocket_endpoint
    latest_data = await redis_client.get(latest_key)
                  ^^^^^^^^^^^^^^^^^^^^^^^^^^^^^^^^^^
  File "/home/jules/.pyenv/versions/3.12.13/lib/python3.12/site-packages/redis/asyncio/client.py", line 764, in execute_command
    conn = self.connection or await pool.get_connection()
                              ^^^^^^^^^^^^^^^^^^^^^^^^^^^
  File "/home/jules/.pyenv/versions/3.12.13/lib/python3.12/site-packages/redis/utils.py", line 227, in async_wrapper
    return await func(*args, **kwargs)
           ^^^^^^^^^^^^^^^^^^^^^^^^^^^
  File "/home/jules/.pyenv/versions/3.12.13/lib/python3.12/site-packages/redis/asyncio/connection.py", line 1448, in get_connection
    await self.ensure_connection(connection)
  File "/home/jules/.pyenv/versions/3.12.13/lib/python3.12/site-packages/redis/asyncio/connection.py", line 1489, in ensure_connection
    await connection.connect()
  File "/home/jules/.pyenv/versions/3.12.13/lib/python3.12/site-packages/redis/asyncio/connection.py", line 340, in connect
    await self.retry.call_with_retry(
  File "/home/jules/.pyenv/versions/3.12.13/lib/python3.12/site-packages/redis/asyncio/retry.py", line 81, in call_with_retry
    raise error
  File "/home/jules/.pyenv/versions/3.12.13/lib/python3.12/site-packages/redis/asyncio/retry.py", line 69, in call_with_retry
    return await do()
           ^^^^^^^^^^
  File "/home/jules/.pyenv/versions/3.12.13/lib/python3.12/site-packages/redis/asyncio/connection.py", line 397, in connect_check_health
    raise e
redis.exceptions.ConnectionError: Error Multiple exceptions: [Errno 111] Connect call failed ('::1', 6379, 0, 0), [Errno 111] Connect call failed ('127.0.0.1', 6379) connecting to localhost:6379.
INFO:     connection closed
INFO:     127.0.0.1:56646 - "GET /view/TestRegion/zone HTTP/1.1" 200 OK
INFO:     127.0.0.1:56648 - "WebSocket /ws/TestRegion/zone" [accepted]
INFO:     connection open
ERROR:    Exception in ASGI application
Traceback (most recent call last):
  File "/home/jules/.pyenv/versions/3.12.13/lib/python3.12/site-packages/redis/asyncio/connection.py", line 371, in connect_check_health
    await self._connect()
  File "/home/jules/.pyenv/versions/3.12.13/lib/python3.12/site-packages/redis/asyncio/connection.py", line 895, in _connect
    reader, writer = await asyncio.open_connection(
                     ^^^^^^^^^^^^^^^^^^^^^^^^^^^^^^
  File "/home/jules/.pyenv/versions/3.12.13/lib/python3.12/asyncio/streams.py", line 48, in open_connection
    transport, _ = await loop.create_connection(
                   ^^^^^^^^^^^^^^^^^^^^^^^^^^^^^
  File "/home/jules/.pyenv/versions/3.12.13/lib/python3.12/asyncio/base_events.py", line 1140, in create_connection
    raise OSError('Multiple exceptions: {}'.format(
OSError: Multiple exceptions: [Errno 111] Connect call failed ('::1', 6379, 0, 0), [Errno 111] Connect call failed ('127.0.0.1', 6379)

During handling of the above exception, another exception occurred:

Traceback (most recent call last):
  File "/home/jules/.pyenv/versions/3.12.13/lib/python3.12/site-packages/uvicorn/protocols/websockets/websockets_impl.py", line 239, in run_asgi
    result = await self.app(self.scope, self.asgi_receive, self.asgi_send)  # type: ignore[func-returns-value]
             ^^^^^^^^^^^^^^^^^^^^^^^^^^^^^^^^^^^^^^^^^^^^^^^^^^^^^^^^^^^^^
  File "/home/jules/.pyenv/versions/3.12.13/lib/python3.12/site-packages/uvicorn/middleware/proxy_headers.py", line 60, in __call__
    return await self.app(scope, receive, send)
           ^^^^^^^^^^^^^^^^^^^^^^^^^^^^^^^^^^^^
  File "/home/jules/.pyenv/versions/3.12.13/lib/python3.12/site-packages/fastapi/applications.py", line 1163, in __call__
    await super().__call__(scope, receive, send)
  File "/home/jules/.pyenv/versions/3.12.13/lib/python3.12/site-packages/starlette/applications.py", line 90, in __call__
    await self.middleware_stack(scope, receive, send)
  File "/home/jules/.pyenv/versions/3.12.13/lib/python3.12/site-packages/starlette/middleware/errors.py", line 151, in __call__
    await self.app(scope, receive, send)
  File "/home/jules/.pyenv/versions/3.12.13/lib/python3.12/site-packages/starlette/middleware/exceptions.py", line 63, in __call__
    await wrap_app_handling_exceptions(self.app, conn)(scope, receive, send)
  File "/home/jules/.pyenv/versions/3.12.13/lib/python3.12/site-packages/starlette/_exception_handler.py", line 53, in wrapped_app
    raise exc
  File "/home/jules/.pyenv/versions/3.12.13/lib/python3.12/site-packages/starlette/_exception_handler.py", line 42, in wrapped_app
    await app(scope, receive, sender)
  File "/home/jules/.pyenv/versions/3.12.13/lib/python3.12/site-packages/fastapi/middleware/asyncexitstack.py", line 18, in __call__
    await self.app(scope, receive, send)
  File "/home/jules/.pyenv/versions/3.12.13/lib/python3.12/site-packages/starlette/routing.py", line 660, in __call__
    await self.middleware_stack(scope, receive, send)
  File "/home/jules/.pyenv/versions/3.12.13/lib/python3.12/site-packages/starlette/routing.py", line 680, in app
    await route.handle(scope, receive, send)
  File "/home/jules/.pyenv/versions/3.12.13/lib/python3.12/site-packages/starlette/routing.py", line 350, in handle
    await self.app(scope, receive, send)
  File "/home/jules/.pyenv/versions/3.12.13/lib/python3.12/site-packages/fastapi/routing.py", line 160, in app
    await wrap_app_handling_exceptions(app, session)(scope, receive, send)
  File "/home/jules/.pyenv/versions/3.12.13/lib/python3.12/site-packages/starlette/_exception_handler.py", line 53, in wrapped_app
    raise exc
  File "/home/jules/.pyenv/versions/3.12.13/lib/python3.12/site-packages/starlette/_exception_handler.py", line 42, in wrapped_app
    await app(scope, receive, sender)
  File "/home/jules/.pyenv/versions/3.12.13/lib/python3.12/site-packages/fastapi/routing.py", line 157, in app
    await func(session)
  File "/home/jules/.pyenv/versions/3.12.13/lib/python3.12/site-packages/fastapi/routing.py", line 764, in app
    await dependant.call(**solved_result.values)
  File "/app/app.py", line 92, in websocket_endpoint
    latest_data = await redis_client.get(latest_key)
                  ^^^^^^^^^^^^^^^^^^^^^^^^^^^^^^^^^^
  File "/home/jules/.pyenv/versions/3.12.13/lib/python3.12/site-packages/redis/asyncio/client.py", line 764, in execute_command
    conn = self.connection or await pool.get_connection()
                              ^^^^^^^^^^^^^^^^^^^^^^^^^^^
  File "/home/jules/.pyenv/versions/3.12.13/lib/python3.12/site-packages/redis/utils.py", line 227, in async_wrapper
    return await func(*args, **kwargs)
           ^^^^^^^^^^^^^^^^^^^^^^^^^^^
  File "/home/jules/.pyenv/versions/3.12.13/lib/python3.12/site-packages/redis/asyncio/connection.py", line 1448, in get_connection
    await self.ensure_connection(connection)
  File "/home/jules/.pyenv/versions/3.12.13/lib/python3.12/site-packages/redis/asyncio/connection.py", line 1489, in ensure_connection
    await connection.connect()
  File "/home/jules/.pyenv/versions/3.12.13/lib/python3.12/site-packages/redis/asyncio/connection.py", line 340, in connect
    await self.retry.call_with_retry(
  File "/home/jules/.pyenv/versions/3.12.13/lib/python3.12/site-packages/redis/asyncio/retry.py", line 81, in call_with_retry
    raise error
  File "/home/jules/.pyenv/versions/3.12.13/lib/python3.12/site-packages/redis/asyncio/retry.py", line 69, in call_with_retry
    return await do()
           ^^^^^^^^^^
  File "/home/jules/.pyenv/versions/3.12.13/lib/python3.12/site-packages/redis/asyncio/connection.py", line 397, in connect_check_health
    raise e
redis.exceptions.ConnectionError: Error Multiple exceptions: [Errno 111] Connect call failed ('::1', 6379, 0, 0), [Errno 111] Connect call failed ('127.0.0.1', 6379) connecting to localhost:6379.
INFO:     connection closed
INFO:     127.0.0.1:56652 - "POST /render HTTP/1.1" 500 Internal Server Error
ERROR:    Exception in ASGI application
Traceback (most recent call last):
  File "/home/jules/.pyenv/versions/3.12.13/lib/python3.12/site-packages/redis/asyncio/connection.py", line 371, in connect_check_health
    await self._connect()
  File "/home/jules/.pyenv/versions/3.12.13/lib/python3.12/site-packages/redis/asyncio/connection.py", line 895, in _connect
    reader, writer = await asyncio.open_connection(
                     ^^^^^^^^^^^^^^^^^^^^^^^^^^^^^^
  File "/home/jules/.pyenv/versions/3.12.13/lib/python3.12/asyncio/streams.py", line 48, in open_connection
    transport, _ = await loop.create_connection(
                   ^^^^^^^^^^^^^^^^^^^^^^^^^^^^^
  File "/home/jules/.pyenv/versions/3.12.13/lib/python3.12/asyncio/base_events.py", line 1140, in create_connection
    raise OSError('Multiple exceptions: {}'.format(
OSError: Multiple exceptions: [Errno 111] Connect call failed ('::1', 6379, 0, 0), [Errno 111] Connect call failed ('127.0.0.1', 6379)

During handling of the above exception, another exception occurred:

Traceback (most recent call last):
  File "/home/jules/.pyenv/versions/3.12.13/lib/python3.12/site-packages/uvicorn/protocols/http/h11_impl.py", line 415, in run_asgi
    result = await app(  # type: ignore[func-returns-value]
             ^^^^^^^^^^^^^^^^^^^^^^^^^^^^^^^^^^^^^^^^^^^^^^
  File "/home/jules/.pyenv/versions/3.12.13/lib/python3.12/site-packages/uvicorn/middleware/proxy_headers.py", line 60, in __call__
    return await self.app(scope, receive, send)
           ^^^^^^^^^^^^^^^^^^^^^^^^^^^^^^^^^^^^
  File "/home/jules/.pyenv/versions/3.12.13/lib/python3.12/site-packages/fastapi/applications.py", line 1163, in __call__
    await super().__call__(scope, receive, send)
  File "/home/jules/.pyenv/versions/3.12.13/lib/python3.12/site-packages/starlette/applications.py", line 90, in __call__
    await self.middleware_stack(scope, receive, send)
  File "/home/jules/.pyenv/versions/3.12.13/lib/python3.12/site-packages/starlette/middleware/errors.py", line 186, in __call__
    raise exc
  File "/home/jules/.pyenv/versions/3.12.13/lib/python3.12/site-packages/starlette/middleware/errors.py", line 164, in __call__
    await self.app(scope, receive, _send)
  File "/home/jules/.pyenv/versions/3.12.13/lib/python3.12/site-packages/starlette/middleware/exceptions.py", line 63, in __call__
    await wrap_app_handling_exceptions(self.app, conn)(scope, receive, send)
  File "/home/jules/.pyenv/versions/3.12.13/lib/python3.12/site-packages/starlette/_exception_handler.py", line 53, in wrapped_app
    raise exc
  File "/home/jules/.pyenv/versions/3.12.13/lib/python3.12/site-packages/starlette/_exception_handler.py", line 42, in wrapped_app
    await app(scope, receive, sender)
  File "/home/jules/.pyenv/versions/3.12.13/lib/python3.12/site-packages/fastapi/middleware/asyncexitstack.py", line 18, in __call__
    await self.app(scope, receive, send)
  File "/home/jules/.pyenv/versions/3.12.13/lib/python3.12/site-packages/starlette/routing.py", line 660, in __call__
    await self.middleware_stack(scope, receive, send)
  File "/home/jules/.pyenv/versions/3.12.13/lib/python3.12/site-packages/starlette/routing.py", line 680, in app
    await route.handle(scope, receive, send)
  File "/home/jules/.pyenv/versions/3.12.13/lib/python3.12/site-packages/starlette/routing.py", line 276, in handle
    await self.app(scope, receive, send)
  File "/home/jules/.pyenv/versions/3.12.13/lib/python3.12/site-packages/fastapi/routing.py", line 134, in app
    await wrap_app_handling_exceptions(app, request)(scope, receive, send)
  File "/home/jules/.pyenv/versions/3.12.13/lib/python3.12/site-packages/starlette/_exception_handler.py", line 53, in wrapped_app
    raise exc
  File "/home/jules/.pyenv/versions/3.12.13/lib/python3.12/site-packages/starlette/_exception_handler.py", line 42, in wrapped_app
    await app(scope, receive, sender)
  File "/home/jules/.pyenv/versions/3.12.13/lib/python3.12/site-packages/fastapi/routing.py", line 120, in app
    response = await f(request)
               ^^^^^^^^^^^^^^^^
  File "/home/jules/.pyenv/versions/3.12.13/lib/python3.12/site-packages/fastapi/routing.py", line 674, in app
    raw_response = await run_endpoint_function(
                   ^^^^^^^^^^^^^^^^^^^^^^^^^^^^
  File "/home/jules/.pyenv/versions/3.12.13/lib/python3.12/site-packages/fastapi/routing.py", line 328, in run_endpoint_function
    return await dependant.call(**values)
           ^^^^^^^^^^^^^^^^^^^^^^^^^^^^^^
  File "/app/app.py", line 71, in render
    await redis_client.set(latest_key, payload_json)
  File "/home/jules/.pyenv/versions/3.12.13/lib/python3.12/site-packages/redis/asyncio/client.py", line 764, in execute_command
    conn = self.connection or await pool.get_connection()
                              ^^^^^^^^^^^^^^^^^^^^^^^^^^^
  File "/home/jules/.pyenv/versions/3.12.13/lib/python3.12/site-packages/redis/utils.py", line 227, in async_wrapper
    return await func(*args, **kwargs)
           ^^^^^^^^^^^^^^^^^^^^^^^^^^^
  File "/home/jules/.pyenv/versions/3.12.13/lib/python3.12/site-packages/redis/asyncio/connection.py", line 1448, in get_connection
    await self.ensure_connection(connection)
  File "/home/jules/.pyenv/versions/3.12.13/lib/python3.12/site-packages/redis/asyncio/connection.py", line 1489, in ensure_connection
    await connection.connect()
  File "/home/jules/.pyenv/versions/3.12.13/lib/python3.12/site-packages/redis/asyncio/connection.py", line 340, in connect
    await self.retry.call_with_retry(
  File "/home/jules/.pyenv/versions/3.12.13/lib/python3.12/site-packages/redis/asyncio/retry.py", line 81, in call_with_retry
    raise error
  File "/home/jules/.pyenv/versions/3.12.13/lib/python3.12/site-packages/redis/asyncio/retry.py", line 69, in call_with_retry
    return await do()
           ^^^^^^^^^^
  File "/home/jules/.pyenv/versions/3.12.13/lib/python3.12/site-packages/redis/asyncio/connection.py", line 397, in connect_check_health
    raise e
redis.exceptions.ConnectionError: Error Multiple exceptions: [Errno 111] Connect call failed ('::1', 6379, 0, 0), [Errno 111] Connect call failed ('127.0.0.1', 6379) connecting to localhost:6379.
INFO:     127.0.0.1:56668 - "WebSocket /ws/TestRegion/zone" [accepted]
INFO:     connection open
ERROR:    Exception in ASGI application
Traceback (most recent call last):
  File "/home/jules/.pyenv/versions/3.12.13/lib/python3.12/site-packages/redis/asyncio/connection.py", line 371, in connect_check_health
    await self._connect()
  File "/home/jules/.pyenv/versions/3.12.13/lib/python3.12/site-packages/redis/asyncio/connection.py", line 895, in _connect
    reader, writer = await asyncio.open_connection(
                     ^^^^^^^^^^^^^^^^^^^^^^^^^^^^^^
  File "/home/jules/.pyenv/versions/3.12.13/lib/python3.12/asyncio/streams.py", line 48, in open_connection
    transport, _ = await loop.create_connection(
                   ^^^^^^^^^^^^^^^^^^^^^^^^^^^^^
  File "/home/jules/.pyenv/versions/3.12.13/lib/python3.12/asyncio/base_events.py", line 1140, in create_connection
    raise OSError('Multiple exceptions: {}'.format(
OSError: Multiple exceptions: [Errno 111] Connect call failed ('::1', 6379, 0, 0), [Errno 111] Connect call failed ('127.0.0.1', 6379)

During handling of the above exception, another exception occurred:

Traceback (most recent call last):
  File "/home/jules/.pyenv/versions/3.12.13/lib/python3.12/site-packages/uvicorn/protocols/websockets/websockets_impl.py", line 239, in run_asgi
    result = await self.app(self.scope, self.asgi_receive, self.asgi_send)  # type: ignore[func-returns-value]
             ^^^^^^^^^^^^^^^^^^^^^^^^^^^^^^^^^^^^^^^^^^^^^^^^^^^^^^^^^^^^^
  File "/home/jules/.pyenv/versions/3.12.13/lib/python3.12/site-packages/uvicorn/middleware/proxy_headers.py", line 60, in __call__
    return await self.app(scope, receive, send)
           ^^^^^^^^^^^^^^^^^^^^^^^^^^^^^^^^^^^^
  File "/home/jules/.pyenv/versions/3.12.13/lib/python3.12/site-packages/fastapi/applications.py", line 1163, in __call__
    await super().__call__(scope, receive, send)
  File "/home/jules/.pyenv/versions/3.12.13/lib/python3.12/site-packages/starlette/applications.py", line 90, in __call__
    await self.middleware_stack(scope, receive, send)
  File "/home/jules/.pyenv/versions/3.12.13/lib/python3.12/site-packages/starlette/middleware/errors.py", line 151, in __call__
    await self.app(scope, receive, send)
  File "/home/jules/.pyenv/versions/3.12.13/lib/python3.12/site-packages/starlette/middleware/exceptions.py", line 63, in __call__
    await wrap_app_handling_exceptions(self.app, conn)(scope, receive, send)
  File "/home/jules/.pyenv/versions/3.12.13/lib/python3.12/site-packages/starlette/_exception_handler.py", line 53, in wrapped_app
    raise exc
  File "/home/jules/.pyenv/versions/3.12.13/lib/python3.12/site-packages/starlette/_exception_handler.py", line 42, in wrapped_app
    await app(scope, receive, sender)
  File "/home/jules/.pyenv/versions/3.12.13/lib/python3.12/site-packages/fastapi/middleware/asyncexitstack.py", line 18, in __call__
    await self.app(scope, receive, send)
  File "/home/jules/.pyenv/versions/3.12.13/lib/python3.12/site-packages/starlette/routing.py", line 660, in __call__
    await self.middleware_stack(scope, receive, send)
  File "/home/jules/.pyenv/versions/3.12.13/lib/python3.12/site-packages/starlette/routing.py", line 680, in app
    await route.handle(scope, receive, send)
  File "/home/jules/.pyenv/versions/3.12.13/lib/python3.12/site-packages/starlette/routing.py", line 350, in handle
    await self.app(scope, receive, send)
  File "/home/jules/.pyenv/versions/3.12.13/lib/python3.12/site-packages/fastapi/routing.py", line 160, in app
    await wrap_app_handling_exceptions(app, session)(scope, receive, send)
  File "/home/jules/.pyenv/versions/3.12.13/lib/python3.12/site-packages/starlette/_exception_handler.py", line 53, in wrapped_app
    raise exc
  File "/home/jules/.pyenv/versions/3.12.13/lib/python3.12/site-packages/starlette/_exception_handler.py", line 42, in wrapped_app
    await app(scope, receive, sender)
  File "/home/jules/.pyenv/versions/3.12.13/lib/python3.12/site-packages/fastapi/routing.py", line 157, in app
    await func(session)
  File "/home/jules/.pyenv/versions/3.12.13/lib/python3.12/site-packages/fastapi/routing.py", line 764, in app
    await dependant.call(**solved_result.values)
  File "/app/app.py", line 92, in websocket_endpoint
    latest_data = await redis_client.get(latest_key)
                  ^^^^^^^^^^^^^^^^^^^^^^^^^^^^^^^^^^
  File "/home/jules/.pyenv/versions/3.12.13/lib/python3.12/site-packages/redis/asyncio/client.py", line 764, in execute_command
    conn = self.connection or await pool.get_connection()
                              ^^^^^^^^^^^^^^^^^^^^^^^^^^^
  File "/home/jules/.pyenv/versions/3.12.13/lib/python3.12/site-packages/redis/utils.py", line 227, in async_wrapper
    return await func(*args, **kwargs)
           ^^^^^^^^^^^^^^^^^^^^^^^^^^^
  File "/home/jules/.pyenv/versions/3.12.13/lib/python3.12/site-packages/redis/asyncio/connection.py", line 1448, in get_connection
    await self.ensure_connection(connection)
  File "/home/jules/.pyenv/versions/3.12.13/lib/python3.12/site-packages/redis/asyncio/connection.py", line 1489, in ensure_connection
    await connection.connect()
  File "/home/jules/.pyenv/versions/3.12.13/lib/python3.12/site-packages/redis/asyncio/connection.py", line 340, in connect
    await self.retry.call_with_retry(
  File "/home/jules/.pyenv/versions/3.12.13/lib/python3.12/site-packages/redis/asyncio/retry.py", line 81, in call_with_retry
    raise error
  File "/home/jules/.pyenv/versions/3.12.13/lib/python3.12/site-packages/redis/asyncio/retry.py", line 69, in call_with_retry
    return await do()
           ^^^^^^^^^^
  File "/home/jules/.pyenv/versions/3.12.13/lib/python3.12/site-packages/redis/asyncio/connection.py", line 397, in connect_check_health
    raise e
redis.exceptions.ConnectionError: Error Multiple exceptions: [Errno 111] Connect call failed ('::1', 6379, 0, 0), [Errno 111] Connect call failed ('127.0.0.1', 6379) connecting to localhost:6379.
INFO:     connection closed
INFO:     127.0.0.1:51734 - "WebSocket /ws/TestRegion/zone" [accepted]
INFO:     connection open
ERROR:    Exception in ASGI application
Traceback (most recent call last):
  File "/home/jules/.pyenv/versions/3.12.13/lib/python3.12/site-packages/redis/asyncio/connection.py", line 371, in connect_check_health
    await self._connect()
  File "/home/jules/.pyenv/versions/3.12.13/lib/python3.12/site-packages/redis/asyncio/connection.py", line 895, in _connect
    reader, writer = await asyncio.open_connection(
                     ^^^^^^^^^^^^^^^^^^^^^^^^^^^^^^
  File "/home/jules/.pyenv/versions/3.12.13/lib/python3.12/asyncio/streams.py", line 48, in open_connection
    transport, _ = await loop.create_connection(
                   ^^^^^^^^^^^^^^^^^^^^^^^^^^^^^
  File "/home/jules/.pyenv/versions/3.12.13/lib/python3.12/asyncio/base_events.py", line 1140, in create_connection
    raise OSError('Multiple exceptions: {}'.format(
OSError: Multiple exceptions: [Errno 111] Connect call failed ('::1', 6379, 0, 0), [Errno 111] Connect call failed ('127.0.0.1', 6379)

During handling of the above exception, another exception occurred:

Traceback (most recent call last):
  File "/home/jules/.pyenv/versions/3.12.13/lib/python3.12/site-packages/uvicorn/protocols/websockets/websockets_impl.py", line 239, in run_asgi
    result = await self.app(self.scope, self.asgi_receive, self.asgi_send)  # type: ignore[func-returns-value]
             ^^^^^^^^^^^^^^^^^^^^^^^^^^^^^^^^^^^^^^^^^^^^^^^^^^^^^^^^^^^^^
  File "/home/jules/.pyenv/versions/3.12.13/lib/python3.12/site-packages/uvicorn/middleware/proxy_headers.py", line 60, in __call__
    return await self.app(scope, receive, send)
           ^^^^^^^^^^^^^^^^^^^^^^^^^^^^^^^^^^^^
  File "/home/jules/.pyenv/versions/3.12.13/lib/python3.12/site-packages/fastapi/applications.py", line 1163, in __call__
    await super().__call__(scope, receive, send)
  File "/home/jules/.pyenv/versions/3.12.13/lib/python3.12/site-packages/starlette/applications.py", line 90, in __call__
    await self.middleware_stack(scope, receive, send)
  File "/home/jules/.pyenv/versions/3.12.13/lib/python3.12/site-packages/starlette/middleware/errors.py", line 151, in __call__
    await self.app(scope, receive, send)
  File "/home/jules/.pyenv/versions/3.12.13/lib/python3.12/site-packages/starlette/middleware/exceptions.py", line 63, in __call__
    await wrap_app_handling_exceptions(self.app, conn)(scope, receive, send)
  File "/home/jules/.pyenv/versions/3.12.13/lib/python3.12/site-packages/starlette/_exception_handler.py", line 53, in wrapped_app
    raise exc
  File "/home/jules/.pyenv/versions/3.12.13/lib/python3.12/site-packages/starlette/_exception_handler.py", line 42, in wrapped_app
    await app(scope, receive, sender)
  File "/home/jules/.pyenv/versions/3.12.13/lib/python3.12/site-packages/fastapi/middleware/asyncexitstack.py", line 18, in __call__
    await self.app(scope, receive, send)
  File "/home/jules/.pyenv/versions/3.12.13/lib/python3.12/site-packages/starlette/routing.py", line 660, in __call__
    await self.middleware_stack(scope, receive, send)
  File "/home/jules/.pyenv/versions/3.12.13/lib/python3.12/site-packages/starlette/routing.py", line 680, in app
    await route.handle(scope, receive, send)
  File "/home/jules/.pyenv/versions/3.12.13/lib/python3.12/site-packages/starlette/routing.py", line 350, in handle
    await self.app(scope, receive, send)
  File "/home/jules/.pyenv/versions/3.12.13/lib/python3.12/site-packages/fastapi/routing.py", line 160, in app
    await wrap_app_handling_exceptions(app, session)(scope, receive, send)
  File "/home/jules/.pyenv/versions/3.12.13/lib/python3.12/site-packages/starlette/_exception_handler.py", line 53, in wrapped_app
    raise exc
  File "/home/jules/.pyenv/versions/3.12.13/lib/python3.12/site-packages/starlette/_exception_handler.py", line 42, in wrapped_app
    await app(scope, receive, sender)
  File "/home/jules/.pyenv/versions/3.12.13/lib/python3.12/site-packages/fastapi/routing.py", line 157, in app
    await func(session)
  File "/home/jules/.pyenv/versions/3.12.13/lib/python3.12/site-packages/fastapi/routing.py", line 764, in app
    await dependant.call(**solved_result.values)
  File "/app/app.py", line 92, in websocket_endpoint
    latest_data = await redis_client.get(latest_key)
                  ^^^^^^^^^^^^^^^^^^^^^^^^^^^^^^^^^^
  File "/home/jules/.pyenv/versions/3.12.13/lib/python3.12/site-packages/redis/asyncio/client.py", line 764, in execute_command
    conn = self.connection or await pool.get_connection()
                              ^^^^^^^^^^^^^^^^^^^^^^^^^^^
  File "/home/jules/.pyenv/versions/3.12.13/lib/python3.12/site-packages/redis/utils.py", line 227, in async_wrapper
    return await func(*args, **kwargs)
           ^^^^^^^^^^^^^^^^^^^^^^^^^^^
  File "/home/jules/.pyenv/versions/3.12.13/lib/python3.12/site-packages/redis/asyncio/connection.py", line 1448, in get_connection
    await self.ensure_connection(connection)
  File "/home/jules/.pyenv/versions/3.12.13/lib/python3.12/site-packages/redis/asyncio/connection.py", line 1489, in ensure_connection
    await connection.connect()
  File "/home/jules/.pyenv/versions/3.12.13/lib/python3.12/site-packages/redis/asyncio/connection.py", line 340, in connect
    await self.retry.call_with_retry(
  File "/home/jules/.pyenv/versions/3.12.13/lib/python3.12/site-packages/redis/asyncio/retry.py", line 81, in call_with_retry
    raise error
  File "/home/jules/.pyenv/versions/3.12.13/lib/python3.12/site-packages/redis/asyncio/retry.py", line 69, in call_with_retry
    return await do()
           ^^^^^^^^^^
  File "/home/jules/.pyenv/versions/3.12.13/lib/python3.12/site-packages/redis/asyncio/connection.py", line 397, in connect_check_health
    raise e
redis.exceptions.ConnectionError: Error Multiple exceptions: [Errno 111] Connect call failed ('::1', 6379, 0, 0), [Errno 111] Connect call failed ('127.0.0.1', 6379) connecting to localhost:6379.
INFO:     connection closed
